<?xml version="1.0" encoding="UTF-8"?>
<!-- Generated by org.testng.reporters.JUnitXMLReporter -->
<testsuite ignored="0" hostname="LAPTOP-CCRLHFCB" failures="0" tests="3" name="Default test" time="18.07" errors="0" timestamp="2024-07-06T21:27:07 IST">
  <testcase classname="day8_10_06_2024.FBLoginDP" name="login" time="3.787"/>
  <testcase classname="day8_10_06_2024.FBLoginDP" name="login" time="1.889"/>
  <testcase classname="day8_10_06_2024.FBLoginDP" name="login" time="2.639"/>
</testsuite> <!-- Default test -->
